Using device: NVIDIA GeForce RTX 2080 Ti with 11 GiB
Defining dataset kaggle_animals with 26178 samples
Calculating mean and std of dataset...
Applying transforms...
Training / Testing split: 0.8
Training 20942 and testing 5236 samples. 
Loading data...
Initializing model...
Starting training: 

  Model: resnet18
  Training samples: 20942
  Number of epochs: 50
  Mini batch size: 64
  Number of batches: 328
  Learning rate: 0.0001

 GPU memory usage: 222.18 MiB
Epoch [001/50 - Loss: 0.0043] - Train Acc: 0.55 - Test Acc: 0.53
Epoch [002/50 - Loss: 0.0027] - Train Acc: 0.58 - Test Acc: 0.56
Epoch [003/50 - Loss: 0.0049] - Train Acc: 0.64 - Test Acc: 0.61
Epoch [004/50 - Loss: 0.0034] - Train Acc: 0.71 - Test Acc: 0.65
Epoch [005/50 - Loss: 0.0018] - Train Acc: 0.78 - Test Acc: 0.70
Epoch [006/50 - Loss: 0.0044] - Train Acc: 0.76 - Test Acc: 0.66
Epoch [007/50 - Loss: 0.0008] - Train Acc: 0.85 - Test Acc: 0.73
Epoch [008/50 - Loss: 0.0013] - Train Acc: 0.82 - Test Acc: 0.69
Epoch [009/50 - Loss: 0.0009] - Train Acc: 0.80 - Test Acc: 0.63
Epoch [010/50 - Loss: 0.0024] - Train Acc: 0.94 - Test Acc: 0.75
Epoch [011/50 - Loss: 0.0012] - Train Acc: 0.93 - Test Acc: 0.73
Epoch [012/50 - Loss: 0.0002] - Train Acc: 0.89 - Test Acc: 0.70
Epoch [013/50 - Loss: 0.0009] - Train Acc: 0.93 - Test Acc: 0.72
Epoch [014/50 - Loss: 0.0006] - Train Acc: 0.92 - Test Acc: 0.70
Epoch [015/50 - Loss: 0.0002] - Train Acc: 0.94 - Test Acc: 0.73
Epoch [016/50 - Loss: 0.0008] - Train Acc: 0.91 - Test Acc: 0.69
Epoch [017/50 - Loss: 0.0014] - Train Acc: 0.94 - Test Acc: 0.71
Epoch [018/50 - Loss: 0.0009] - Train Acc: 0.92 - Test Acc: 0.69
Epoch [019/50 - Loss: 0.0005] - Train Acc: 0.94 - Test Acc: 0.72
Epoch [020/50 - Loss: 0.0001] - Train Acc: 0.93 - Test Acc: 0.69
Epoch [021/50 - Loss: 0.0001] - Train Acc: 0.98 - Test Acc: 0.74
Epoch [022/50 - Loss: 0.0001] - Train Acc: 0.93 - Test Acc: 0.70
Epoch [023/50 - Loss: 0.0001] - Train Acc: 0.91 - Test Acc: 0.68
Epoch [024/50 - Loss: 0.0004] - Train Acc: 0.94 - Test Acc: 0.70
Epoch [025/50 - Loss: 0.0002] - Train Acc: 0.96 - Test Acc: 0.72
Epoch [026/50 - Loss: 0.0001] - Train Acc: 0.97 - Test Acc: 0.74
Epoch [027/50 - Loss: 0.0001] - Train Acc: 0.96 - Test Acc: 0.73
Epoch [028/50 - Loss: 0.0003] - Train Acc: 0.97 - Test Acc: 0.75
Epoch [029/50 - Loss: 0.0009] - Train Acc: 0.88 - Test Acc: 0.66
Epoch [030/50 - Loss: 0.0008] - Train Acc: 0.97 - Test Acc: 0.72
Epoch [031/50 - Loss: 0.0001] - Train Acc: 0.98 - Test Acc: 0.74
Epoch [032/50 - Loss: 0.0001] - Train Acc: 0.97 - Test Acc: 0.73
Epoch [033/50 - Loss: 0.0023] - Train Acc: 0.95 - Test Acc: 0.70
Epoch [034/50 - Loss: 0.0001] - Train Acc: 0.99 - Test Acc: 0.77
Epoch [035/50 - Loss: 0.0005] - Train Acc: 0.96 - Test Acc: 0.72
Epoch [036/50 - Loss: 0.0009] - Train Acc: 0.99 - Test Acc: 0.76
Epoch [037/50 - Loss: 0.0001] - Train Acc: 0.96 - Test Acc: 0.72
Epoch [038/50 - Loss: 0.0001] - Train Acc: 0.99 - Test Acc: 0.75
Epoch [039/50 - Loss: 0.0001] - Train Acc: 0.96 - Test Acc: 0.73
Epoch [040/50 - Loss: 0.0002] - Train Acc: 0.99 - Test Acc: 0.76
Epoch [041/50 - Loss: 0.0003] - Train Acc: 0.96 - Test Acc: 0.72
Epoch [042/50 - Loss: 0.0000] - Train Acc: 0.99 - Test Acc: 0.75
Epoch [043/50 - Loss: 0.0002] - Train Acc: 0.93 - Test Acc: 0.69
Epoch [044/50 - Loss: 0.0004] - Train Acc: 0.98 - Test Acc: 0.73
Epoch [045/50 - Loss: 0.0001] - Train Acc: 1.00 - Test Acc: 0.77
Epoch [046/50 - Loss: 0.0001] - Train Acc: 0.97 - Test Acc: 0.72
Epoch [047/50 - Loss: 0.0001] - Train Acc: 0.96 - Test Acc: 0.73
Epoch [048/50 - Loss: 0.0024] - Train Acc: 0.96 - Test Acc: 0.73
Epoch [049/50 - Loss: 0.0000] - Train Acc: 1.00 - Test Acc: 0.76
Epoch [050/50 - Loss: 0.0000] - Train Acc: 0.99 - Test Acc: 0.77
